Build started 9/15/2013 9:20:13 PM.
     1>Project "E:\Codigo\Visual3d\Src\ofxFenster-0.7.4\ofxFenster\ofxFenster.vcxproj" on node 2 (Rebuild target(s)).
     1>ClCompile:
         C:\Program Files (x86)\Microsoft Visual Studio 10.0\VC\bin\CL.exe /c /I"E:\Codigo\Visual3d\\Src\ofxFenster-0.7.4\libs\string\include" /I"E:\Codigo\Visual3d\\Src\ofxFenster-0.7.4\libs\ghost\include" /IE:\Codigo\Visual3d\\Src\of_v0073_vs2010_release\libs\openFrameworks /IE:\Codigo\Visual3d\\Src\of_v0073_vs2010_release\libs\openFrameworks\graphics /IE:\Codigo\Visual3d\\Src\of_v0073_vs2010_release\libs\openFrameworks\app /IE:\Codigo\Visual3d\\Src\of_v0073_vs2010_release\libs\openFrameworks\sound /IE:\Codigo\Visual3d\\Src\of_v0073_vs2010_release\libs\openFrameworks\utils /IE:\Codigo\Visual3d\\Src\of_v0073_vs2010_release\libs\openFrameworks\communication /IE:\Codigo\Visual3d\\Src\of_v0073_vs2010_release\libs\openFrameworks\video /IE:\Codigo\Visual3d\\Src\of_v0073_vs2010_release\libs\openFrameworks\types /IE:\Codigo\Visual3d\\Src\of_v0073_vs2010_release\libs\openFrameworks\math /IE:\Codigo\Visual3d\\Src\of_v0073_vs2010_release\libs\openFrameworks\3d /IE:\Codigo\Visual3d\\Src\of_v0073_vs2010_release\libs\openFrameworks\gl /IE:\Codigo\Visual3d\\Src\of_v0073_vs2010_release\libs\openFrameworks\events /IE:\Codigo\Visual3d\\Src\of_v0073_vs2010_release\libs\glut\include /IE:\Codigo\Visual3d\\Src\of_v0073_vs2010_release\libs\rtAudio\include /IE:\Codigo\Visual3d\\Src\of_v0073_vs2010_release\libs\quicktime\include /IE:\Codigo\Visual3d\\Src\of_v0073_vs2010_release\libs\freetype\include /IE:\Codigo\Visual3d\\Src\of_v0073_vs2010_release\libs\freetype\include\freetype2 /IE:\Codigo\Visual3d\\Src\of_v0073_vs2010_release\libs\freeImage\include /IE:\Codigo\Visual3d\\Src\of_v0073_vs2010_release\libs\fmodex\include /IE:\Codigo\Visual3d\\Src\of_v0073_vs2010_release\libs\videoInput\include /IE:\Codigo\Visual3d\\Src\of_v0073_vs2010_release\libs\glew\include\ /IE:\Codigo\Visual3d\\Src\of_v0073_vs2010_release\libs\glu\include /IE:\Codigo\Visual3d\\Src\of_v0073_vs2010_release\libs\tess2\include /IE:\Codigo\Visual3d\\Src\of_v0073_vs2010_release\libs\cairo\include\cairo /IE:\Codigo\Visual3d\\Src\of_v0073_vs2010_release\libs\poco\include /IE:\Codigo\Visual3d\\Src\of_v0073_vs2010_release\addons /IE:\Codigo\Visual3d\\Src\of_v0073_vs2010_release\libs\openFrameworks /IE:\Codigo\Visual3d\\Src\of_v0073_vs2010_release\libs\openFrameworks\graphics /IE:\Codigo\Visual3d\\Src\of_v0073_vs2010_release\libs\openFrameworks\app /IE:\Codigo\Visual3d\\Src\of_v0073_vs2010_release\libs\openFrameworks\sound /IE:\Codigo\Visual3d\\Src\of_v0073_vs2010_release\libs\openFrameworks\utils /IE:\Codigo\Visual3d\\Src\of_v0073_vs2010_release\libs\openFrameworks\communication /IE:\Codigo\Visual3d\\Src\of_v0073_vs2010_release\libs\openFrameworks\video /IE:\Codigo\Visual3d\\Src\of_v0073_vs2010_release\libs\openFrameworks\types /IE:\Codigo\Visual3d\\Src\of_v0073_vs2010_release\libs\openFrameworks\math /IE:\Codigo\Visual3d\\Src\of_v0073_vs2010_release\libs\openFrameworks\3d /IE:\Codigo\Visual3d\\Src\of_v0073_vs2010_release\libs\openFrameworks\gl /IE:\Codigo\Visual3d\\Src\of_v0073_vs2010_release\libs\openFrameworks\events /IE:\Codigo\Visual3d\\Src\of_v0073_vs2010_release\libs\glut\include /IE:\Codigo\Visual3d\\Src\of_v0073_vs2010_release\libs\rtAudio\include /IE:\Codigo\Visual3d\\Src\of_v0073_vs2010_release\libs\quicktime\include /IE:\Codigo\Visual3d\\Src\of_v0073_vs2010_release\libs\freetype\include /IE:\Codigo\Visual3d\\Src\of_v0073_vs2010_release\libs\freetype\include\freetype2 /IE:\Codigo\Visual3d\\Src\of_v0073_vs2010_release\libs\freeImage\include /IE:\Codigo\Visual3d\\Src\of_v0073_vs2010_release\libs\fmodex\include /IE:\Codigo\Visual3d\\Src\of_v0073_vs2010_release\libs\videoInput\include /IE:\Codigo\Visual3d\\Src\of_v0073_vs2010_release\libs\glew\include\ /IE:\Codigo\Visual3d\\Src\of_v0073_vs2010_release\libs\glu\include /IE:\Codigo\Visual3d\\Src\of_v0073_vs2010_release\libs\tess2\include /IE:\Codigo\Visual3d\\Src\of_v0073_vs2010_release\libs\cairo\include\cairo /IE:\Codigo\Visual3d\\Src\of_v0073_vs2010_release\libs\poco\include /IE:\Codigo\Visual3d\\Src\of_v0073_vs2010_release\addons /Zi /nologo /W3 /WX- /O2 /Oi /Oy- /GL /D WIN32 /D NDEBUG /D _CONSOLE /D POCO_STATIC /D CAIRO_WIN32_STATIC_BUILD /D DISABLE_SOME_FLOATING_POINT /D _MBCS /Gm- /EHsc /MD /GS /Gy /fp:precise /Zc:wchar_t /Zc:forScope /Fo"Release\\" /Fd"Release\vc100.pdb" /Gd /TP /analyze- /errorReport:prompt ofxDisplay.cpp ofxDisplayManager.cpp ofxFenster.cpp ofxFensterCanvas.cpp ofxFensterManager.cpp
         ofxDisplay.cpp
         ofxDisplayManager.cpp
         ofxFenster.cpp
         ofxFensterCanvas.cpp
         ofxFensterManager.cpp
       Lib:
         C:\Program Files (x86)\Microsoft Visual Studio 10.0\VC\bin\Lib.exe /OUT:"E:\Codigo\Visual3d\bin\ofxFenster.lib" /NOLOGO /LTCG Release\ofxDisplay.obj
         Release\ofxDisplayManager.obj
         Release\ofxFenster.obj
         Release\ofxFensterCanvas.obj
         Release\ofxFensterManager.obj
         ofxFenster.vcxproj -> E:\Codigo\Visual3d\bin\ofxFenster.lib
       PostBuildEvent:
         xcopy /e /i /y "E:\Codigo\Visual3d\\Src\of_v0073_vs2010_release\export\vs2010\*.dll" "E:\Codigo\Visual3d\\Bin\ofxFenster\Win32\Release\"
         :VCEnd
         E:\Codigo\Visual3d\\Src\of_v0073_vs2010_release\export\vs2010\Assimp32.dll
         E:\Codigo\Visual3d\\Src\of_v0073_vs2010_release\export\vs2010\fmodex.dll
         E:\Codigo\Visual3d\\Src\of_v0073_vs2010_release\export\vs2010\fmodexL.dll
         E:\Codigo\Visual3d\\Src\of_v0073_vs2010_release\export\vs2010\FreeImage.dll
         E:\Codigo\Visual3d\\Src\of_v0073_vs2010_release\export\vs2010\FreeType-6.dll
         E:\Codigo\Visual3d\\Src\of_v0073_vs2010_release\export\vs2010\glut32.dll
         E:\Codigo\Visual3d\\Src\of_v0073_vs2010_release\export\vs2010\Zlib.dll
         7 File(s) copied
     1>Done Building Project "E:\Codigo\Visual3d\Src\ofxFenster-0.7.4\ofxFenster\ofxFenster.vcxproj" (Rebuild target(s)).

Build succeeded.

Time Elapsed 00:00:08.79
