E:\CODIGO\VISUAL3D\SRC\OFXFENSTER-0.7.4\OFXFENSTER\RELEASE\OFXFENSTERMANAGER.OBJ
E:\CODIGO\VISUAL3D\SRC\OFXFENSTER-0.7.4\OFXFENSTER\RELEASE\OFXFENSTERCANVAS.OBJ
E:\CODIGO\VISUAL3D\SRC\OFXFENSTER-0.7.4\OFXFENSTER\RELEASE\OFXFENSTER.OBJ
E:\CODIGO\VISUAL3D\SRC\OFXFENSTER-0.7.4\OFXFENSTER\RELEASE\OFXDISPLAYMANAGER.OBJ
E:\CODIGO\VISUAL3D\SRC\OFXFENSTER-0.7.4\OFXFENSTER\RELEASE\OFXDISPLAY.OBJ
E:\CODIGO\VISUAL3D\SRC\OFXFENSTER-0.7.4\OFXFENSTER\RELEASE\VC100.PDB
E:\CODIGO\VISUAL3D\BIN\OFXFENSTER.LIB
E:\Codigo\Visual3d\Src\ofxFenster-0.7.4\ofxFenster\Release\ofxDisplay.obj
E:\Codigo\Visual3d\Src\ofxFenster-0.7.4\ofxFenster\Release\ofxDisplayManager.obj
E:\Codigo\Visual3d\Src\ofxFenster-0.7.4\ofxFenster\Release\ofxFenster.obj
E:\Codigo\Visual3d\Src\ofxFenster-0.7.4\ofxFenster\Release\ofxFensterCanvas.obj
E:\Codigo\Visual3d\Src\ofxFenster-0.7.4\ofxFenster\Release\ofxFensterManager.obj
E:\Codigo\Visual3d\Src\ofxFenster-0.7.4\ofxFenster\Release\cl.command.1.tlog
E:\Codigo\Visual3d\Src\ofxFenster-0.7.4\ofxFenster\Release\CL.read.1.tlog
E:\Codigo\Visual3d\Src\ofxFenster-0.7.4\ofxFenster\Release\CL.write.1.tlog
E:\Codigo\Visual3d\Src\ofxFenster-0.7.4\ofxFenster\Release\Lib-link.read.1.tlog
E:\Codigo\Visual3d\Src\ofxFenster-0.7.4\ofxFenster\Release\Lib-link.write.1.tlog
E:\Codigo\Visual3d\Src\ofxFenster-0.7.4\ofxFenster\Release\lib.command.1.tlog
E:\Codigo\Visual3d\Src\ofxFenster-0.7.4\ofxFenster\Release\vc100.pdb
E:\Codigo\Visual3d\bin\ofxFenster.lib
