
*************************************
Log started: Fri Sep 06 02:17:42 2013


*************************************

Warning: No raw UAV declared. Using UAV 11.
Message: 	if_logicalnz

Message: 	if_logicalnz

Message: 	if_logicalnz


*************************************
Log started: Mon Sep 09 19:38:30 2013


*************************************

Warning: No raw UAV declared. Using UAV 11.

***********************************
Log ended: Mon Sep 09 19:38:31 2013


***********************************


*************************************
Log started: Mon Sep 09 19:38:31 2013


*************************************

Warning: No raw UAV declared. Using UAV 11.

***********************************
Log ended: Mon Sep 09 19:38:31 2013


***********************************


*************************************
Log started: Mon Sep 09 19:38:31 2013


*************************************

Warning: No raw UAV declared. Using UAV 11.

***********************************
Log ended: Mon Sep 09 19:38:32 2013


***********************************


*************************************
Log started: Mon Sep 09 19:38:32 2013


*************************************

Warning: No raw UAV declared. Using UAV 11.

***********************************
Log ended: Mon Sep 09 19:38:32 2013


***********************************


*************************************
Log started: Mon Sep 09 19:38:32 2013


*************************************

Warning: No raw UAV declared. Using UAV 11.

***********************************
Log ended: Mon Sep 09 19:38:32 2013


***********************************


*************************************
Log started: Mon Sep 09 19:38:32 2013


*************************************

Warning: No raw UAV declared. Using UAV 11.

***********************************
Log ended: Mon Sep 09 19:38:33 2013


***********************************


*************************************
Log started: Mon Sep 09 19:38:33 2013


*************************************

Warning: No raw UAV declared. Using UAV 11.

***********************************
Log ended: Mon Sep 09 19:38:33 2013


***********************************


*************************************
Log started: Mon Sep 09 19:38:33 2013


*************************************

Warning: No raw UAV declared. Using UAV 11.

***********************************
Log ended: Mon Sep 09 19:38:33 2013


***********************************


*************************************
Log started: Mon Sep 09 19:38:33 2013


*************************************

Warning: No raw UAV declared. Using UAV 11.

***********************************
Log ended: Mon Sep 09 19:38:34 2013


***********************************


*************************************
Log started: Mon Sep 09 19:38:34 2013


*************************************

Warning: No raw UAV declared. Using UAV 11.

***********************************
Log ended: Mon Sep 09 19:38:34 2013


***********************************


*************************************
Log started: Mon Sep 09 19:38:35 2013


*************************************

Warning: No raw UAV declared. Using UAV 11.

***********************************
Log ended: Mon Sep 09 19:38:35 2013


***********************************


*************************************
Log started: Mon Sep 09 19:38:35 2013


*************************************

Warning: No raw UAV declared. Using UAV 11.

***********************************
Log ended: Mon Sep 09 19:38:36 2013


***********************************


*************************************
Log started: Mon Sep 09 19:38:36 2013


*************************************

Warning: No raw UAV declared. Using UAV 11.

***********************************
Log ended: Mon Sep 09 19:38:36 2013


***********************************


*************************************
Log started: Mon Sep 09 19:38:36 2013


*************************************

Warning: No raw UAV declared. Using UAV 11.

***********************************
Log ended: Mon Sep 09 19:38:36 2013


***********************************


*************************************
Log started: Mon Sep 09 19:38:36 2013


*************************************

Warning: No raw UAV declared. Using UAV 11.

***********************************
Log ended: Mon Sep 09 19:38:37 2013


***********************************


*************************************
Log started: Mon Sep 09 19:38:37 2013


*************************************

Warning: No raw UAV declared. Using UAV 11.

***********************************
Log ended: Mon Sep 09 19:38:37 2013


***********************************


*************************************
Log started: Mon Sep 09 19:38:37 2013


*************************************

Warning: No raw UAV declared. Using UAV 11.

***********************************
Log ended: Mon Sep 09 19:38:38 2013


***********************************


*************************************
Log started: Mon Sep 09 19:38:38 2013


*************************************

Warning: No raw UAV declared. Using UAV 11.

***********************************
Log ended: Mon Sep 09 19:38:38 2013


***********************************


*************************************
Log started: Mon Sep 09 19:38:38 2013


*************************************

Warning: No raw UAV declared. Using UAV 11.

***********************************
Log ended: Mon Sep 09 19:38:38 2013


***********************************


*************************************
Log started: Mon Sep 09 19:38:38 2013


*************************************

Warning: No raw UAV declared. Using UAV 11.

***********************************
Log ended: Mon Sep 09 19:38:39 2013


***********************************


*************************************
Log started: Mon Sep 09 19:38:39 2013


*************************************

Warning: No raw UAV declared. Using UAV 11.

***********************************
Log ended: Mon Sep 09 19:38:39 2013


***********************************


*************************************
Log started: Mon Sep 09 19:38:39 2013


*************************************

Warning: No raw UAV declared. Using UAV 11.

***********************************
Log ended: Mon Sep 09 19:38:39 2013


***********************************


*************************************
Log started: Mon Sep 09 19:38:39 2013


*************************************

Warning: No raw UAV declared. Using UAV 11.

***********************************
Log ended: Mon Sep 09 19:38:40 2013


***********************************


*************************************
Log started: Mon Sep 09 19:38:40 2013


*************************************

Warning: No raw UAV declared. Using UAV 11.

***********************************
Log ended: Mon Sep 09 19:38:40 2013


***********************************


*************************************
Log started: Mon Sep 09 19:38:40 2013


*************************************

Warning: No raw UAV declared. Using UAV 11.

***********************************
Log ended: Mon Sep 09 19:38:40 2013


***********************************


*************************************
Log started: Mon Sep 09 19:38:40 2013


*************************************

Warning: No raw UAV declared. Using UAV 11.

***********************************
Log ended: Mon Sep 09 19:38:41 2013


***********************************


*************************************
Log started: Mon Sep 09 19:38:41 2013


*************************************

Warning: No raw UAV declared. Using UAV 11.

***********************************
Log ended: Mon Sep 09 19:38:41 2013


***********************************


*************************************
Log started: Mon Sep 09 19:38:41 2013


*************************************

Warning: No raw UAV declared. Using UAV 11.

***********************************
Log ended: Mon Sep 09 19:38:41 2013


***********************************


*************************************
Log started: Mon Sep 09 19:38:41 2013


*************************************

Warning: No raw UAV declared. Using UAV 11.

***********************************
Log ended: Mon Sep 09 19:38:42 2013


***********************************


*************************************
Log started: Mon Sep 09 19:38:42 2013


*************************************

Warning: No raw UAV declared. Using UAV 11.

***********************************
Log ended: Mon Sep 09 19:38:42 2013


***********************************


*************************************
Log started: Mon Sep 09 19:38:42 2013


*************************************

Warning: No raw UAV declared. Using UAV 11.

***********************************
Log ended: Mon Sep 09 19:38:42 2013


***********************************


*************************************
Log started: Mon Sep 09 19:38:42 2013


*************************************

Warning: No raw UAV declared. Using UAV 11.

***********************************
Log ended: Mon Sep 09 19:38:43 2013


***********************************


*************************************
Log started: Mon Sep 09 19:39:42 2013


*************************************

Warning: No raw UAV declared. Using UAV 11.

*************************************
Log started: Thu Sep 12 18:06:52 2013


*************************************


***********************************
Log ended: Thu Sep 12 18:07:37 2013


***********************************


*************************************
Log started: Thu Sep 12 18:07:37 2013


*************************************


***********************************
Log ended: Thu Sep 12 18:07:38 2013


***********************************


*************************************
Log started: Thu Sep 12 18:07:38 2013


*************************************


***********************************
Log ended: Thu Sep 12 18:07:38 2013


***********************************


*************************************
Log started: Thu Sep 12 18:07:38 2013


*************************************


***********************************
Log ended: Thu Sep 12 18:07:38 2013


***********************************


*************************************
Log started: Thu Sep 12 18:07:38 2013


*************************************


***********************************
Log ended: Thu Sep 12 18:07:39 2013


***********************************


*************************************
Log started: Thu Sep 12 18:07:39 2013


*************************************


***********************************
Log ended: Thu Sep 12 18:07:39 2013


***********************************


*************************************
Log started: Thu Sep 12 18:07:39 2013


*************************************


***********************************
Log ended: Thu Sep 12 18:07:39 2013


***********************************


*************************************
Log started: Thu Sep 12 18:07:39 2013


*************************************


***********************************
Log ended: Thu Sep 12 18:07:40 2013


***********************************


*************************************
Log started: Thu Sep 12 18:07:40 2013


*************************************


***********************************
Log ended: Thu Sep 12 18:07:40 2013


***********************************


*************************************
Log started: Thu Sep 12 18:07:40 2013


*************************************


***********************************
Log ended: Thu Sep 12 18:07:40 2013


***********************************


*************************************
Log started: Thu Sep 12 18:07:40 2013


*************************************


***********************************
Log ended: Thu Sep 12 18:07:41 2013


***********************************


*************************************
Log started: Thu Sep 12 18:07:41 2013


*************************************


***********************************
Log ended: Thu Sep 12 18:07:41 2013


***********************************


*************************************
Log started: Thu Sep 12 18:07:41 2013


*************************************


***********************************
Log ended: Thu Sep 12 18:07:41 2013


***********************************


*************************************
Log started: Thu Sep 12 18:07:41 2013


*************************************


***********************************
Log ended: Thu Sep 12 18:07:42 2013


***********************************


*************************************
Log started: Thu Sep 12 18:07:42 2013


*************************************


***********************************
Log ended: Thu Sep 12 18:07:42 2013


***********************************


*************************************
Log started: Thu Sep 12 18:07:42 2013


*************************************


***********************************
Log ended: Thu Sep 12 18:07:42 2013


***********************************


*************************************
Log started: Thu Sep 12 18:07:42 2013


*************************************


***********************************
Log ended: Thu Sep 12 18:07:43 2013


***********************************


*************************************
Log started: Thu Sep 12 18:07:43 2013


*************************************


***********************************
Log ended: Thu Sep 12 18:07:43 2013


***********************************


*************************************
Log started: Thu Sep 12 18:07:43 2013


*************************************


***********************************
Log ended: Thu Sep 12 18:07:43 2013


***********************************


*************************************
Log started: Thu Sep 12 18:07:43 2013


*************************************


***********************************
Log ended: Thu Sep 12 18:07:43 2013


***********************************


*************************************
Log started: Thu Sep 12 18:07:44 2013


*************************************


***********************************
Log ended: Thu Sep 12 18:07:44 2013


***********************************


*************************************
Log started: Thu Sep 12 18:07:44 2013


*************************************


***********************************
Log ended: Thu Sep 12 18:07:44 2013


***********************************


*************************************
Log started: Thu Sep 12 18:07:44 2013


*************************************


***********************************
Log ended: Thu Sep 12 18:07:44 2013


***********************************


*************************************
Log started: Thu Sep 12 18:07:44 2013


*************************************


***********************************
Log ended: Thu Sep 12 18:07:45 2013


***********************************


*************************************
Log started: Thu Sep 12 18:07:45 2013


*************************************


***********************************
Log ended: Thu Sep 12 18:07:45 2013


***********************************


*************************************
Log started: Thu Sep 12 18:07:45 2013


*************************************


***********************************
Log ended: Thu Sep 12 18:07:45 2013


***********************************


*************************************
Log started: Thu Sep 12 18:07:45 2013


*************************************


***********************************
Log ended: Thu Sep 12 18:07:46 2013


***********************************


*************************************
Log started: Thu Sep 12 18:07:46 2013


*************************************


***********************************
Log ended: Thu Sep 12 18:07:46 2013


***********************************


*************************************
Log started: Thu Sep 12 18:07:46 2013


*************************************


***********************************
Log ended: Thu Sep 12 18:07:46 2013


***********************************


*************************************
Log started: Sat Sep 14 19:07:34 2013


*************************************


***********************************
Log ended: Sat Sep 14 19:07:34 2013


***********************************


*************************************
Log started: Sat Sep 14 19:07:35 2013


*************************************


***********************************
Log ended: Sat Sep 14 19:07:35 2013


***********************************


*************************************
Log started: Sat Sep 14 19:07:35 2013


*************************************


***********************************
Log ended: Sat Sep 14 19:07:35 2013


***********************************


*************************************
Log started: Sat Sep 14 19:07:35 2013


*************************************


***********************************
Log ended: Sat Sep 14 19:07:36 2013


***********************************


*************************************
Log started: Sat Sep 14 19:07:36 2013


*************************************


***********************************
Log ended: Sat Sep 14 19:07:36 2013


***********************************


*************************************
Log started: Sat Sep 14 19:07:36 2013


*************************************


***********************************
Log ended: Sat Sep 14 19:07:36 2013


***********************************


*************************************
Log started: Sat Sep 14 19:07:36 2013


*************************************


***********************************
Log ended: Sat Sep 14 19:07:37 2013


***********************************


*************************************
Log started: Sat Sep 14 19:07:37 2013


*************************************


***********************************
Log ended: Sat Sep 14 19:07:37 2013


***********************************


*************************************
Log started: Sat Sep 14 19:07:37 2013


*************************************


***********************************
Log ended: Sat Sep 14 19:07:37 2013


***********************************


*************************************
Log started: Sat Sep 14 19:07:37 2013


*************************************


***********************************
Log ended: Sat Sep 14 19:07:38 2013


***********************************


*************************************
Log started: Sat Sep 14 19:07:38 2013


*************************************


***********************************
Log ended: Sat Sep 14 19:07:38 2013


***********************************


*************************************
Log started: Sat Sep 14 19:07:38 2013


*************************************


***********************************
Log ended: Sat Sep 14 19:07:39 2013


***********************************


*************************************
Log started: Sat Sep 14 19:07:39 2013


*************************************


***********************************
Log ended: Sat Sep 14 19:07:39 2013


***********************************


*************************************
Log started: Sat Sep 14 19:07:39 2013


*************************************


***********************************
Log ended: Sat Sep 14 19:07:39 2013


***********************************


*************************************
Log started: Sat Sep 14 19:07:39 2013


*************************************


***********************************
Log ended: Sat Sep 14 19:07:40 2013


***********************************


*************************************
Log started: Sat Sep 14 19:07:40 2013


*************************************


***********************************
Log ended: Sat Sep 14 19:07:40 2013


***********************************


*************************************
Log started: Sat Sep 14 19:07:40 2013


*************************************


***********************************
Log ended: Sat Sep 14 19:07:40 2013


***********************************


*************************************
Log started: Sat Sep 14 19:07:40 2013


*************************************


***********************************
Log ended: Sat Sep 14 19:07:41 2013


***********************************


*************************************
Log started: Sat Sep 14 19:07:41 2013


*************************************


***********************************
Log ended: Sat Sep 14 19:07:41 2013


***********************************


*************************************
Log started: Sat Sep 14 19:07:41 2013


*************************************


***********************************
Log ended: Sat Sep 14 19:07:41 2013


***********************************


*************************************
Log started: Sat Sep 14 19:07:41 2013


*************************************


***********************************
Log ended: Sat Sep 14 19:07:42 2013


***********************************


*************************************
Log started: Sat Sep 14 19:07:42 2013


*************************************


***********************************
Log ended: Sat Sep 14 19:07:42 2013


***********************************


*************************************
Log started: Sat Sep 14 19:07:42 2013


*************************************


***********************************
Log ended: Sat Sep 14 19:07:43 2013


***********************************


*************************************
Log started: Sat Sep 14 19:07:43 2013


*************************************


***********************************
Log ended: Sat Sep 14 19:07:43 2013


***********************************


*************************************
Log started: Wed Oct 02 23:49:44 2013


*************************************


***********************************
Log ended: Wed Oct 02 23:49:44 2013


***********************************


*************************************
Log started: Wed Oct 02 23:49:44 2013


*************************************


***********************************
Log ended: Wed Oct 02 23:49:45 2013


***********************************


*************************************
Log started: Wed Oct 02 23:49:45 2013


*************************************


***********************************
Log ended: Wed Oct 02 23:49:45 2013


***********************************


*************************************
Log started: Wed Oct 02 23:49:45 2013


*************************************


***********************************
Log ended: Wed Oct 02 23:49:45 2013


***********************************


*************************************
Log started: Wed Oct 02 23:49:45 2013


*************************************


***********************************
Log ended: Wed Oct 02 23:49:46 2013


***********************************


*************************************
Log started: Wed Oct 02 23:49:46 2013


*************************************


***********************************
Log ended: Wed Oct 02 23:49:46 2013


***********************************


*************************************
Log started: Wed Oct 02 23:49:46 2013


*************************************


***********************************
Log ended: Wed Oct 02 23:49:46 2013


***********************************


*************************************
Log started: Wed Oct 02 23:49:46 2013


*************************************


***********************************
Log ended: Wed Oct 02 23:49:46 2013


***********************************


*************************************
Log started: Wed Oct 02 23:49:47 2013


*************************************


***********************************
Log ended: Wed Oct 02 23:49:47 2013


***********************************


*************************************
Log started: Wed Oct 02 23:49:47 2013


*************************************


***********************************
Log ended: Wed Oct 02 23:49:47 2013


***********************************


*************************************
Log started: Wed Oct 02 23:49:47 2013


*************************************


***********************************
Log ended: Wed Oct 02 23:49:47 2013


***********************************


*************************************
Log started: Wed Oct 02 23:49:47 2013


*************************************


***********************************
Log ended: Wed Oct 02 23:49:48 2013


***********************************


*************************************
Log started: Wed Oct 02 23:49:48 2013


*************************************


***********************************
Log ended: Wed Oct 02 23:49:48 2013


***********************************


*************************************
Log started: Wed Oct 02 23:49:48 2013


*************************************


***********************************
Log ended: Wed Oct 02 23:49:48 2013


***********************************


*************************************
Log started: Wed Oct 02 23:49:48 2013


*************************************


***********************************
Log ended: Wed Oct 02 23:49:49 2013


***********************************


*************************************
Log started: Wed Oct 02 23:49:49 2013


*************************************


***********************************
Log ended: Wed Oct 02 23:49:49 2013


***********************************


*************************************
Log started: Wed Oct 02 23:49:49 2013


*************************************


***********************************
Log ended: Wed Oct 02 23:49:49 2013


***********************************


*************************************
Log started: Wed Oct 02 23:49:49 2013


*************************************


***********************************
Log ended: Wed Oct 02 23:49:50 2013


***********************************


*************************************
Log started: Wed Oct 02 23:49:50 2013


*************************************


***********************************
Log ended: Wed Oct 02 23:49:50 2013


***********************************


*************************************
Log started: Wed Oct 02 23:49:50 2013


*************************************


***********************************
Log ended: Wed Oct 02 23:49:50 2013


***********************************


*************************************
Log started: Wed Oct 02 23:49:50 2013


*************************************


***********************************
Log ended: Wed Oct 02 23:49:50 2013


***********************************


*************************************
Log started: Wed Oct 02 23:49:50 2013


*************************************


***********************************
Log ended: Wed Oct 02 23:49:51 2013


***********************************


*************************************
Log started: Wed Oct 02 23:49:51 2013


*************************************


***********************************
Log ended: Wed Oct 02 23:49:51 2013


***********************************


*************************************
Log started: Wed Oct 02 23:49:51 2013


*************************************


***********************************
Log ended: Wed Oct 02 23:49:51 2013


***********************************


*************************************
Log started: Wed Oct 02 23:49:51 2013


*************************************


***********************************
Log ended: Wed Oct 02 23:49:52 2013


***********************************


*************************************
Log started: Wed Oct 02 23:49:52 2013


*************************************


***********************************
Log ended: Wed Oct 02 23:49:52 2013


***********************************


*************************************
Log started: Wed Oct 02 23:49:52 2013


*************************************


***********************************
Log ended: Wed Oct 02 23:49:52 2013


***********************************


*************************************
Log started: Wed Oct 02 23:49:52 2013


*************************************


***********************************
Log ended: Wed Oct 02 23:49:53 2013


***********************************


*************************************
Log started: Wed Oct 02 23:49:53 2013


*************************************


***********************************
Log ended: Wed Oct 02 23:49:53 2013


***********************************


*************************************
Log started: Wed Oct 02 23:49:53 2013


*************************************


***********************************
Log ended: Wed Oct 02 23:49:53 2013


***********************************


*************************************
Log started: Wed Oct 02 23:49:53 2013


*************************************


***********************************
Log ended: Wed Oct 02 23:49:54 2013


***********************************


*************************************
Log started: Wed Oct 02 23:49:54 2013


*************************************


***********************************
Log ended: Wed Oct 02 23:49:54 2013


***********************************


*************************************
Log started: Wed Oct 02 23:49:54 2013


*************************************


***********************************
Log ended: Wed Oct 02 23:49:54 2013


***********************************


*************************************
Log started: Wed Oct 02 23:49:54 2013


*************************************


***********************************
Log ended: Wed Oct 02 23:49:54 2013


***********************************


*************************************
Log started: Wed Oct 02 23:49:54 2013


*************************************


***********************************
Log ended: Wed Oct 02 23:49:55 2013


***********************************


*************************************
Log started: Wed Oct 02 23:49:55 2013


*************************************


***********************************
Log ended: Wed Oct 02 23:49:55 2013


***********************************


*************************************
Log started: Wed Oct 02 23:49:55 2013


*************************************


***********************************
Log ended: Wed Oct 02 23:49:55 2013


***********************************


*************************************
Log started: Wed Oct 02 23:49:55 2013


*************************************


***********************************
Log ended: Wed Oct 02 23:49:56 2013


***********************************


*************************************
Log started: Wed Oct 02 23:49:56 2013


*************************************


***********************************
Log ended: Wed Oct 02 23:49:56 2013


***********************************


*************************************
Log started: Wed Oct 02 23:49:56 2013


*************************************


***********************************
Log ended: Wed Oct 02 23:49:56 2013


***********************************


*************************************
Log started: Wed Oct 02 23:49:56 2013


*************************************


***********************************
Log ended: Wed Oct 02 23:49:57 2013


***********************************


*************************************
Log started: Wed Oct 02 23:49:57 2013


*************************************


***********************************
Log ended: Wed Oct 02 23:49:57 2013


***********************************


*************************************
Log started: Wed Oct 02 23:49:57 2013


*************************************


***********************************
Log ended: Wed Oct 02 23:49:57 2013


***********************************


*************************************
Log started: Wed Oct 02 23:49:57 2013


*************************************


***********************************
Log ended: Wed Oct 02 23:49:57 2013


***********************************


*************************************
Log started: Wed Oct 02 23:49:58 2013


*************************************


***********************************
Log ended: Wed Oct 02 23:49:58 2013


***********************************


*************************************
Log started: Wed Oct 02 23:49:58 2013


*************************************


***********************************
Log ended: Wed Oct 02 23:49:58 2013


***********************************


*************************************
Log started: Wed Oct 02 23:49:58 2013


*************************************


***********************************
Log ended: Wed Oct 02 23:49:58 2013


***********************************


*************************************
Log started: Wed Oct 02 23:49:58 2013


*************************************


***********************************
Log ended: Wed Oct 02 23:49:59 2013


***********************************


*************************************
Log started: Thu Oct 03 22:21:26 2013


*************************************


***********************************
Log ended: Thu Oct 03 22:21:27 2013


***********************************


*************************************
Log started: Thu Oct 03 22:21:27 2013


*************************************


***********************************
Log ended: Thu Oct 03 22:21:27 2013


***********************************


*************************************
Log started: Thu Oct 03 22:21:27 2013


*************************************


***********************************
Log ended: Thu Oct 03 22:21:27 2013


***********************************


*************************************
Log started: Thu Oct 03 22:21:27 2013


*************************************


***********************************
Log ended: Thu Oct 03 22:21:28 2013


***********************************


*************************************
Log started: Thu Oct 03 22:21:28 2013


*************************************


***********************************
Log ended: Thu Oct 03 22:21:28 2013


***********************************


*************************************
Log started: Thu Oct 03 22:21:28 2013


*************************************


***********************************
Log ended: Thu Oct 03 22:21:28 2013


***********************************


*************************************
Log started: Thu Oct 03 22:21:28 2013


*************************************


***********************************
Log ended: Thu Oct 03 22:21:29 2013


***********************************


*************************************
Log started: Thu Oct 03 22:21:29 2013


*************************************


***********************************
Log ended: Thu Oct 03 22:21:29 2013


***********************************


*************************************
Log started: Thu Oct 03 22:21:29 2013


*************************************


***********************************
Log ended: Thu Oct 03 22:21:29 2013


***********************************


*************************************
Log started: Thu Oct 03 22:21:29 2013


*************************************


***********************************
Log ended: Thu Oct 03 22:21:30 2013


***********************************


*************************************
Log started: Thu Oct 03 22:21:30 2013


*************************************


***********************************
Log ended: Thu Oct 03 22:21:30 2013


***********************************


*************************************
Log started: Thu Oct 03 22:21:30 2013


*************************************


***********************************
Log ended: Thu Oct 03 22:21:30 2013


***********************************


*************************************
Log started: Thu Oct 03 22:21:30 2013


*************************************


***********************************
Log ended: Thu Oct 03 22:21:31 2013


***********************************


*************************************
Log started: Thu Oct 03 22:21:31 2013


*************************************


***********************************
Log ended: Thu Oct 03 22:21:31 2013


***********************************


*************************************
Log started: Thu Oct 03 22:21:31 2013


*************************************


***********************************
Log ended: Thu Oct 03 22:21:31 2013


***********************************


*************************************
Log started: Thu Oct 03 22:21:31 2013


*************************************


***********************************
Log ended: Thu Oct 03 22:21:32 2013


***********************************


*************************************
Log started: Thu Oct 03 22:21:32 2013


*************************************


***********************************
Log ended: Thu Oct 03 22:21:32 2013


***********************************


*************************************
Log started: Thu Oct 03 22:21:32 2013


*************************************


***********************************
Log ended: Thu Oct 03 22:21:32 2013


***********************************


*************************************
Log started: Thu Oct 03 22:21:32 2013


*************************************


***********************************
Log ended: Thu Oct 03 22:21:33 2013


***********************************


*************************************
Log started: Thu Oct 03 22:21:33 2013


*************************************


***********************************
Log ended: Thu Oct 03 22:21:33 2013


***********************************


*************************************
Log started: Thu Oct 03 22:21:33 2013


*************************************


***********************************
Log ended: Thu Oct 03 22:21:33 2013


***********************************


*************************************
Log started: Thu Oct 03 22:21:33 2013


*************************************


***********************************
Log ended: Thu Oct 03 22:21:33 2013


***********************************


*************************************
Log started: Thu Oct 03 22:21:34 2013


*************************************


***********************************
Log ended: Thu Oct 03 22:21:34 2013


***********************************


*************************************
Log started: Thu Oct 03 22:21:34 2013


*************************************


***********************************
Log ended: Thu Oct 03 22:21:34 2013


***********************************


*************************************
Log started: Thu Oct 03 22:21:34 2013


*************************************


***********************************
Log ended: Thu Oct 03 22:21:34 2013


***********************************


*************************************
Log started: Thu Oct 03 22:21:34 2013


*************************************


***********************************
Log ended: Thu Oct 03 22:21:35 2013


***********************************


*************************************
Log started: Thu Oct 03 22:21:35 2013


*************************************


***********************************
Log ended: Thu Oct 03 22:21:35 2013


***********************************


*************************************
Log started: Thu Oct 03 22:21:35 2013


*************************************


***********************************
Log ended: Thu Oct 03 22:21:35 2013


***********************************


*************************************
Log started: Thu Oct 03 22:21:35 2013


*************************************


***********************************
Log ended: Thu Oct 03 22:21:36 2013


***********************************


*************************************
Log started: Thu Oct 03 22:21:36 2013


*************************************


***********************************
Log ended: Thu Oct 03 22:21:36 2013


***********************************


*************************************
Log started: Thu Oct 03 22:21:36 2013


*************************************


***********************************
Log ended: Thu Oct 03 22:21:36 2013


***********************************


*************************************
Log started: Thu Oct 03 22:25:30 2013


*************************************


***********************************
Log ended: Thu Oct 03 22:25:30 2013


***********************************


*************************************
Log started: Thu Oct 03 22:25:30 2013


*************************************


***********************************
Log ended: Thu Oct 03 22:25:30 2013


***********************************


*************************************
Log started: Thu Oct 03 22:25:31 2013


*************************************


***********************************
Log ended: Thu Oct 03 22:25:31 2013


***********************************


*************************************
Log started: Thu Oct 03 22:25:31 2013


*************************************


***********************************
Log ended: Thu Oct 03 22:25:31 2013


***********************************


*************************************
Log started: Thu Oct 03 22:25:31 2013


*************************************


***********************************
Log ended: Thu Oct 03 22:25:32 2013


***********************************


*************************************
Log started: Thu Oct 03 22:25:32 2013


*************************************


***********************************
Log ended: Thu Oct 03 22:25:32 2013


***********************************


*************************************
Log started: Thu Oct 03 22:25:32 2013


*************************************


***********************************
Log ended: Thu Oct 03 22:25:32 2013


***********************************

